<?xml version="1.0" encoding="UTF-8"?>
<testng-results skipped="0" failed="0" total="4" passed="4">
  <reporter-output>
  </reporter-output>
  <suite name="Suite" duration-ms="22451" started-at="2020-09-29T10:35:35Z" finished-at="2020-09-29T10:35:57Z">
    <groups>
    </groups>
    <test name="Validating User login" duration-ms="9216" started-at="2020-09-29T10:35:35Z" finished-at="2020-09-29T10:35:44Z">
      <class name="Academy.HomePage">
        <test-method status="PASS" signature="initialize()[pri:0, instance:Academy.HomePage@3eb25e1a]" name="initialize" is-config="true" duration-ms="3945" started-at="2020-09-29T16:05:35Z" finished-at="2020-09-29T16:05:39Z">
          <reporter-output>
          </reporter-output>
        </test-method> <!-- initialize -->
        <test-method status="PASS" signature="basePageNavigation(java.lang.String, java.lang.String, java.lang.String)[pri:0, instance:Academy.HomePage@3eb25e1a]" name="basePageNavigation" duration-ms="3441" started-at="2020-09-29T16:05:39Z" data-provider="getData" finished-at="2020-09-29T16:05:42Z">
          <params>
            <param index="0">
              <value>
                <![CDATA[nonrestricteduser@qw.com]]>
              </value>
            </param>
            <param index="1">
              <value>
                <![CDATA[123456]]>
              </value>
            </param>
            <param index="2">
              <value>
                <![CDATA[Restrcited User]]>
              </value>
            </param>
          </params>
          <reporter-output>
          </reporter-output>
        </test-method> <!-- basePageNavigation -->
        <test-method status="PASS" signature="basePageNavigation(java.lang.String, java.lang.String, java.lang.String)[pri:0, instance:Academy.HomePage@3eb25e1a]" name="basePageNavigation" duration-ms="1766" started-at="2020-09-29T16:05:42Z" data-provider="getData" finished-at="2020-09-29T16:05:44Z">
          <params>
            <param index="0">
              <value>
                <![CDATA[restricteduser@qw.com]]>
              </value>
            </param>
            <param index="1">
              <value>
                <![CDATA[456788]]>
              </value>
            </param>
            <param index="2">
              <value>
                <![CDATA[Non restricted user]]>
              </value>
            </param>
          </params>
          <reporter-output>
          </reporter-output>
        </test-method> <!-- basePageNavigation -->
        <test-method status="PASS" signature="teardown()[pri:0, instance:Academy.HomePage@3eb25e1a]" name="teardown" is-config="true" duration-ms="54" started-at="2020-09-29T16:05:44Z" finished-at="2020-09-29T16:05:44Z">
          <reporter-output>
          </reporter-output>
        </test-method> <!-- teardown -->
      </class> <!-- Academy.HomePage -->
    </test> <!-- Validating User login -->
    <test name="Validating title in the Page" duration-ms="5527" started-at="2020-09-29T10:35:44Z" finished-at="2020-09-29T10:35:50Z">
      <class name="Academy.validateTitle">
        <test-method status="PASS" signature="initialize()[pri:0, instance:Academy.validateTitle@1c1bbc4e]" name="initialize" is-config="true" duration-ms="5416" started-at="2020-09-29T16:05:44Z" finished-at="2020-09-29T16:05:49Z">
          <reporter-output>
          </reporter-output>
        </test-method> <!-- initialize -->
        <test-method status="PASS" signature="validateAppTitle()[pri:0, instance:Academy.validateTitle@1c1bbc4e]" name="validateAppTitle" duration-ms="37" started-at="2020-09-29T16:05:49Z" finished-at="2020-09-29T16:05:49Z">
          <reporter-output>
          </reporter-output>
        </test-method> <!-- validateAppTitle -->
        <test-method status="PASS" signature="teardown()[pri:0, instance:Academy.validateTitle@1c1bbc4e]" name="teardown" is-config="true" duration-ms="74" started-at="2020-09-29T16:05:49Z" finished-at="2020-09-29T16:05:50Z">
          <reporter-output>
          </reporter-output>
        </test-method> <!-- teardown -->
      </class> <!-- Academy.validateTitle -->
    </test> <!-- Validating title in the Page -->
    <test name="App Testing" duration-ms="0" started-at="2020-09-29T10:35:50Z" finished-at="2020-09-29T10:35:50Z">
    </test> <!-- App Testing -->
    <test name="Validating navigation Bar" duration-ms="7689" started-at="2020-09-29T10:35:50Z" finished-at="2020-09-29T10:35:57Z">
      <class name="Academy.validateNavigationBar">
        <test-method status="PASS" signature="initialize()[pri:0, instance:Academy.validateNavigationBar@23348b5d]" name="initialize" is-config="true" duration-ms="7387" started-at="2020-09-29T16:05:50Z" finished-at="2020-09-29T16:05:57Z">
          <reporter-output>
          </reporter-output>
        </test-method> <!-- initialize -->
        <test-method status="PASS" signature="validateAppNavBar()[pri:0, instance:Academy.validateNavigationBar@23348b5d]" name="validateAppNavBar" duration-ms="239" started-at="2020-09-29T16:05:57Z" finished-at="2020-09-29T16:05:57Z">
          <reporter-output>
          </reporter-output>
        </test-method> <!-- validateAppNavBar -->
        <test-method status="PASS" signature="teardown()[pri:0, instance:Academy.validateNavigationBar@23348b5d]" name="teardown" is-config="true" duration-ms="62" started-at="2020-09-29T16:05:57Z" finished-at="2020-09-29T16:05:57Z">
          <reporter-output>
          </reporter-output>
        </test-method> <!-- teardown -->
      </class> <!-- Academy.validateNavigationBar -->
    </test> <!-- Validating navigation Bar -->
  </suite> <!-- Suite -->
</testng-results>
